[Mon Mar 19 09:51:19 2018] {"Success":true,"ErrorCode":"0","TerminalKey":"1521029714572DEMO","Status":"NEW","PaymentId":"16507514","OrderId":"52","Amount":1410000,"PaymentURL":"https://securepay.tinkoff.ru/hRwt4Q"}
[Mon Mar 19 09:51:26 2018] {"Success":true,"ErrorCode":"0","TerminalKey":"1521029714572DEMO","Status":"NEW","PaymentId":"16507518","OrderId":"52","Amount":1410000,"PaymentURL":"https://securepay.tinkoff.ru/CMxpAD"}
[Mon Mar 19 09:52:11 2018] {"Success":true,"ErrorCode":"0","TerminalKey":"1521029714572DEMO","Status":"NEW","PaymentId":"16507555","OrderId":"53","Amount":1410000,"PaymentURL":"https://securepay.tinkoff.ru/ZPeoRo"}
[Mon Mar 26 15:35:58 2018] {"Success":true,"ErrorCode":"0","TerminalKey":"1521029714572DEMO","Status":"NEW","PaymentId":"17058147","OrderId":"56","Amount":30100,"PaymentURL":"https://securepay.tinkoff.ru/X2xgNI"}
[Mon Mar 26 15:36:00 2018] {"Success":true,"ErrorCode":"0","TerminalKey":"1521029714572DEMO","Status":"NEW","PaymentId":"17058151","OrderId":"56","Amount":30100,"PaymentURL":"https://securepay.tinkoff.ru/v4ps9l"}
[Mon Mar 26 15:36:29 2018] {"Success":true,"ErrorCode":"0","TerminalKey":"1521029714572DEMO","Status":"NEW","PaymentId":"17058191","OrderId":"56","Amount":30100,"PaymentURL":"https://securepay.tinkoff.ru/pRVfzt"}
[Mon Mar 26 15:37:15 2018] {"Success":true,"ErrorCode":"0","TerminalKey":"1521029714572DEMO","Status":"NEW","PaymentId":"17058240","OrderId":"57","Amount":30100,"PaymentURL":"https://securepay.tinkoff.ru/8XBZuW"}
[Mon Mar 26 15:40:44 2018] {"Success":true,"ErrorCode":"0","TerminalKey":"1521029714572DEMO","Status":"NEW","PaymentId":"17058442","OrderId":"58","Amount":30100,"PaymentURL":"https://securepay.tinkoff.ru/AlULP2"}
[Mon Mar 26 15:48:13 2018] {"Success":true,"ErrorCode":"0","TerminalKey":"1521029714572DEMO","Status":"NEW","PaymentId":"17058985","OrderId":"61","Amount":30100,"PaymentURL":"https://securepay.tinkoff.ru/fyGtT5"}
[Mon Mar 26 15:48:19 2018] {"Success":true,"ErrorCode":"0","TerminalKey":"1521029714572DEMO","Status":"NEW","PaymentId":"17058992","OrderId":"61","Amount":100,"PaymentURL":"https://securepay.tinkoff.ru/8X1mlf"}
[Mon Mar 26 15:51:11 2018] {"Success":true,"ErrorCode":"0","TerminalKey":"1521029714572DEMO","Status":"NEW","PaymentId":"17059182","OrderId":"63","Amount":100,"PaymentURL":"https://securepay.tinkoff.ru/jOUGqz"}
[Mon Mar 26 15:54:00 2018] {"Success":true,"ErrorCode":"0","TerminalKey":"1521029714572DEMO","Status":"NEW","PaymentId":"17059381","OrderId":"64","Amount":100,"PaymentURL":"https://securepay.tinkoff.ru/iIamOH"}
[Mon Mar 26 15:54:09 2018] {"Success":true,"ErrorCode":"0","TerminalKey":"1521029714572DEMO","Status":"NEW","PaymentId":"17059397","OrderId":"64","Amount":100,"PaymentURL":"https://securepay.tinkoff.ru/6qBmnt"}
[Mon Mar 26 15:54:25 2018] {"Success":true,"ErrorCode":"0","TerminalKey":"1521029714572DEMO","Status":"NEW","PaymentId":"17059419","OrderId":"64","Amount":100,"PaymentURL":"https://securepay.tinkoff.ru/75s1gX"}
[Mon Mar 26 15:54:37 2018] {"Success":true,"ErrorCode":"0","TerminalKey":"1521029714572DEMO","Status":"NEW","PaymentId":"17059431","OrderId":"64","Amount":100,"PaymentURL":"https://securepay.tinkoff.ru/FeQinv"}
[Mon Mar 26 15:54:42 2018] {"Success":true,"ErrorCode":"0","TerminalKey":"1521029714572DEMO","Status":"NEW","PaymentId":"17059439","OrderId":"64","Amount":100,"PaymentURL":"https://securepay.tinkoff.ru/JAT3wV"}
[Mon Mar 26 17:43:35 2018] {"Success":true,"ErrorCode":"0","TerminalKey":"1521029714572DEMO","Status":"NEW","PaymentId":"17067302","OrderId":"65","Amount":100,"PaymentURL":"https://securepay.tinkoff.ru/LmGkg6"}
[Mon Mar 26 17:44:55 2018] {"Success":true,"ErrorCode":"0","TerminalKey":"1521029714572DEMO","Status":"NEW","PaymentId":"17067414","OrderId":"66","Amount":100,"PaymentURL":"https://securepay.tinkoff.ru/cELedy"}
[Mon Mar 26 17:45:41 2018] {"Success":true,"ErrorCode":"0","TerminalKey":"1521029714572DEMO","Status":"NEW","PaymentId":"17067476","OrderId":"67","Amount":100,"PaymentURL":"https://securepay.tinkoff.ru/1Xpc1F"}
[Tue Mar 27 23:24:50 2018] {"Success":true,"ErrorCode":"0","TerminalKey":"1521029714572DEMO","Status":"NEW","PaymentId":"17152830","OrderId":"72","Amount":789000,"PaymentURL":"https://securepay.tinkoff.ru/wMavyN"}
[Tue Mar 27 23:27:27 2018] {"Success":true,"ErrorCode":"0","TerminalKey":"1521029714572DEMO","Status":"NEW","PaymentId":"17152913","OrderId":"73","Amount":789000,"PaymentURL":"https://securepay.tinkoff.ru/6KxXdL"}
[Wed Mar 28 10:15:32 2018] {"Success":true,"ErrorCode":"0","TerminalKey":"1521029714572DEMO","Status":"NEW","PaymentId":"17169742","OrderId":"74","Amount":881000,"PaymentURL":"https://securepay.tinkoff.ru/GJUdOS"}
[Tue Apr 24 14:19:20 2018] {"Success":true,"ErrorCode":"0","TerminalKey":"1521029714572DEMO","Status":"NEW","PaymentId":"19182539","OrderId":"83","Amount":1170000,"PaymentURL":"https://securepay.tinkoff.ru/cooRPP"}
[Mon Apr 30 00:12:40 2018] {"Success":true,"ErrorCode":"0","TerminalKey":"1521029714572DEMO","Status":"NEW","PaymentId":"19664781","OrderId":"87","Amount":752000,"PaymentURL":"https://securepay.tinkoff.ru/SrG6C4"}
[Thu May 03 12:33:02 2018] {"Success":true,"ErrorCode":"0","TerminalKey":"1521029714572DEMO","Status":"NEW","PaymentId":"19826400","OrderId":"95","Amount":752000,"PaymentURL":"https://securepay.tinkoff.ru/0NRZJR"}
[Thu May 03 12:33:04 2018] {"Success":true,"ErrorCode":"0","TerminalKey":"1521029714572DEMO","Status":"NEW","PaymentId":"19826403","OrderId":"95","Amount":752000,"PaymentURL":"https://securepay.tinkoff.ru/GDE1zs"}
[Sun May 20 18:07:16 2018] {"Success":true,"ErrorCode":"0","TerminalKey":"1521029714572DEMO","Status":"NEW","PaymentId":"21174377","OrderId":"122","Amount":657000,"PaymentURL":"https://securepay.tinkoff.ru/qx02JY"}
[Sun May 20 18:08:29 2018] {"Success":true,"ErrorCode":"0","TerminalKey":"1521029714572DEMO","Status":"NEW","PaymentId":"21174428","OrderId":"122","Amount":657000,"PaymentURL":"https://securepay.tinkoff.ru/PGmW3G"}
[Wed May 23 09:14:16 2018] {"Success":true,"ErrorCode":"0","TerminalKey":"1521029714572DEMO","Status":"NEW","PaymentId":"21403720","OrderId":"123","Amount":676000,"PaymentURL":"https://securepay.tinkoff.ru/g4ZH7o"}
[Wed May 23 09:14:17 2018] {"Success":true,"ErrorCode":"0","TerminalKey":"1521029714572DEMO","Status":"NEW","PaymentId":"21403722","OrderId":"123","Amount":676000,"PaymentURL":"https://securepay.tinkoff.ru/S1ajYJ"}
[Wed May 23 09:15:55 2018] {"Success":true,"ErrorCode":"0","TerminalKey":"1521029714572DEMO","Status":"NEW","PaymentId":"21403818","OrderId":"124","Amount":676000,"PaymentURL":"https://securepay.tinkoff.ru/dqFRRO"}
[Thu May 24 12:49:53 2018] {"Success":true,"ErrorCode":"0","TerminalKey":"1521029714572DEMO","Status":"NEW","PaymentId":"21553702","OrderId":"125","Amount":791000,"PaymentURL":"https://securepay.tinkoff.ru/ouRquT"}
[Tue May 29 22:29:19 2018] {"Success":true,"ErrorCode":"0","TerminalKey":"1521029714572DEMO","Status":"NEW","PaymentId":"22088566","OrderId":"128","Amount":676000,"PaymentURL":"https://securepay.tinkoff.ru/cqcooQ"}
[Tue May 29 22:29:23 2018] {"Success":true,"ErrorCode":"0","TerminalKey":"1521029714572DEMO","Status":"NEW","PaymentId":"22088568","OrderId":"128","Amount":676000,"PaymentURL":"https://securepay.tinkoff.ru/1XFCgi"}
[Tue May 29 22:29:29 2018] {"Success":true,"ErrorCode":"0","TerminalKey":"1521029714572DEMO","Status":"NEW","PaymentId":"22088570","OrderId":"128","Amount":676000,"PaymentURL":"https://securepay.tinkoff.ru/rqmTDc"}
[Tue May 29 22:29:47 2018] {"Success":true,"ErrorCode":"0","TerminalKey":"1521029714572DEMO","Status":"NEW","PaymentId":"22088591","OrderId":"128","Amount":676000,"PaymentURL":"https://securepay.tinkoff.ru/2hpmmc"}
[Tue May 29 22:29:50 2018] {"Success":true,"ErrorCode":"0","TerminalKey":"1521029714572DEMO","Status":"NEW","PaymentId":"22088597","OrderId":"128","Amount":676000,"PaymentURL":"https://securepay.tinkoff.ru/n7VYhy"}
[Tue May 29 22:29:54 2018] {"Success":true,"ErrorCode":"0","TerminalKey":"1521029714572DEMO","Status":"NEW","PaymentId":"22088604","OrderId":"128","Amount":676000,"PaymentURL":"https://securepay.tinkoff.ru/PzIFsF"}
[Tue May 29 22:29:59 2018] {"Success":true,"ErrorCode":"0","TerminalKey":"1521029714572DEMO","Status":"NEW","PaymentId":"22088613","OrderId":"128","Amount":676000,"PaymentURL":"https://securepay.tinkoff.ru/Rsh2rB"}
[Tue May 29 22:30:08 2018] {"Success":true,"ErrorCode":"0","TerminalKey":"1521029714572DEMO","Status":"NEW","PaymentId":"22088620","OrderId":"128","Amount":696000,"PaymentURL":"https://securepay.tinkoff.ru/a3vBZe"}
[Tue May 29 22:30:33 2018] {"Success":true,"ErrorCode":"0","TerminalKey":"1521029714572DEMO","Status":"NEW","PaymentId":"22088642","OrderId":"128","Amount":696000,"PaymentURL":"https://securepay.tinkoff.ru/hnDhja"}
[Tue May 29 22:30:53 2018] {"Success":true,"ErrorCode":"0","TerminalKey":"1521029714572DEMO","Status":"NEW","PaymentId":"22088656","OrderId":"129","Amount":696000,"PaymentURL":"https://securepay.tinkoff.ru/0z25Iu"}
[Wed Jun 06 20:31:25 2018] {"Success":true,"ErrorCode":"0","TerminalKey":"1521029714572DEMO","Status":"NEW","PaymentId":"22888679","OrderId":"133","Amount":772000,"PaymentURL":"https://securepay.tinkoff.ru/ITmnfR"}
[Wed Jun 06 20:36:32 2018] {"Success":true,"ErrorCode":"0","TerminalKey":"1521029714572DEMO","Status":"NEW","PaymentId":"22889005","OrderId":"134","Amount":772000,"PaymentURL":"https://securepay.tinkoff.ru/TwDZ4s"}
[Wed Jun 06 20:37:02 2018] {"Success":true,"ErrorCode":"0","TerminalKey":"1521029714572DEMO","Status":"NEW","PaymentId":"22889048","OrderId":"134","Amount":772000,"PaymentURL":"https://securepay.tinkoff.ru/NoeehL"}
[Fri Jun 08 10:19:11 2018] {"Success":true,"ErrorCode":"0","TerminalKey":"1521029714572DEMO","Status":"NEW","PaymentId":"23064483","OrderId":"135","Amount":1241300,"PaymentURL":"https://securepay.tinkoff.ru/JIuzj2"}
[Fri Jun 08 10:19:19 2018] {"Success":true,"ErrorCode":"0","TerminalKey":"1521029714572DEMO","Status":"NEW","PaymentId":"23064506","OrderId":"135","Amount":1241300,"PaymentURL":"https://securepay.tinkoff.ru/gk3Gvg"}
[Fri Jun 08 10:19:28 2018] {"Success":true,"ErrorCode":"0","TerminalKey":"1521029714572DEMO","Status":"NEW","PaymentId":"23064517","OrderId":"135","Amount":1241300,"PaymentURL":"https://securepay.tinkoff.ru/mGVrDt"}
[Fri Jun 08 10:19:37 2018] {"Success":true,"ErrorCode":"0","TerminalKey":"1521029714572DEMO","Status":"NEW","PaymentId":"23064529","OrderId":"135","Amount":1241300,"PaymentURL":"https://securepay.tinkoff.ru/7Hgc5k"}
[Fri Jun 08 10:24:55 2018] {"Success":true,"ErrorCode":"0","TerminalKey":"1521029714572DEMO","Status":"NEW","PaymentId":"23065285","OrderId":"135","Amount":1241300,"PaymentURL":"https://securepay.tinkoff.ru/7CZid8"}
[Fri Jun 08 10:25:10 2018] {"Success":true,"ErrorCode":"0","TerminalKey":"1521029714572DEMO","Status":"NEW","PaymentId":"23065328","OrderId":"135","Amount":1241300,"PaymentURL":"https://securepay.tinkoff.ru/mUueG6"}
[Fri Jun 08 10:30:41 2018] {"Success":true,"ErrorCode":"0","TerminalKey":"1521029714572DEMO","Status":"NEW","PaymentId":"23066011","OrderId":"136","Amount":1241300,"PaymentURL":"https://securepay.tinkoff.ru/Tz4tMl"}
[Fri Jun 08 10:33:10 2018] {"Success":true,"ErrorCode":"0","TerminalKey":"1521029714572DEMO","Status":"NEW","PaymentId":"23066341","OrderId":"137","Amount":1241300,"PaymentURL":"https://securepay.tinkoff.ru/NEQmte"}
[Fri Jun 08 10:34:10 2018] {"Success":true,"ErrorCode":"0","TerminalKey":"1521029714572DEMO","Status":"NEW","PaymentId":"23066485","OrderId":"139","Amount":1241300,"PaymentURL":"https://securepay.tinkoff.ru/oxYp9v"}
[Fri Jun 08 10:34:27 2018] {"Success":true,"ErrorCode":"0","TerminalKey":"1521029714572DEMO","Status":"NEW","PaymentId":"23066510","OrderId":"138","Amount":771000,"PaymentURL":"https://securepay.tinkoff.ru/wNZ4nL"}
[Fri Jun 08 10:34:43 2018] {"Success":true,"ErrorCode":"0","TerminalKey":"1521029714572DEMO","Status":"NEW","PaymentId":"23066536","OrderId":"138","Amount":771000,"PaymentURL":"https://securepay.tinkoff.ru/zjKBXm"}
[Fri Jun 08 10:34:51 2018] {"Success":true,"ErrorCode":"0","TerminalKey":"1521029714572DEMO","Status":"NEW","PaymentId":"23066543","OrderId":"138","Amount":771000,"PaymentURL":"https://securepay.tinkoff.ru/y5kCQh"}
[Fri Jun 08 10:36:16 2018] {"Success":true,"ErrorCode":"0","TerminalKey":"1521029714572DEMO","Status":"NEW","PaymentId":"23066716","OrderId":"140","Amount":1241300,"PaymentURL":"https://securepay.tinkoff.ru/UmE0Wp"}
[Fri Jun 08 10:36:34 2018] {"Success":true,"ErrorCode":"0","TerminalKey":"1521029714572DEMO","Status":"NEW","PaymentId":"23066790","OrderId":"141","Amount":677000,"PaymentURL":"https://securepay.tinkoff.ru/DCJIMh"}
[Fri Jun 08 10:44:18 2018] {"Success":true,"ErrorCode":"0","TerminalKey":"1521029714572DEMO","Status":"NEW","PaymentId":"23067740","OrderId":"143","Amount":676000,"PaymentURL":"https://securepay.tinkoff.ru/orhHMq"}
[Fri Jun 08 10:44:25 2018] {"Success":true,"ErrorCode":"0","TerminalKey":"1521029714572DEMO","Status":"NEW","PaymentId":"23067769","OrderId":"143","Amount":696000,"PaymentURL":"https://securepay.tinkoff.ru/E4LiAm"}
[Fri Jun 08 10:45:14 2018] {"Success":true,"ErrorCode":"0","TerminalKey":"1521029714572DEMO","Status":"NEW","PaymentId":"23067855","OrderId":"144","Amount":696000,"PaymentURL":"https://securepay.tinkoff.ru/Ger4AS"}
[Fri Jun 08 14:09:19 2018] {"Success":true,"ErrorCode":"0","TerminalKey":"1521029714572DEMO","Status":"NEW","PaymentId":"23084601","OrderId":"145","Amount":676000,"PaymentURL":"https://securepay.tinkoff.ru/gNCxrg"}
[Fri Jun 08 14:09:31 2018] {"Success":true,"ErrorCode":"0","TerminalKey":"1521029714572DEMO","Status":"NEW","PaymentId":"23084617","OrderId":"145","Amount":676000,"PaymentURL":"https://securepay.tinkoff.ru/kTJLhz"}
[Fri Jun 08 14:09:32 2018] {"Success":true,"ErrorCode":"0","TerminalKey":"1521029714572DEMO","Status":"NEW","PaymentId":"23084619","OrderId":"145","Amount":676000,"PaymentURL":"https://securepay.tinkoff.ru/D2SWlo"}
[Fri Jun 08 14:09:37 2018] {"Success":true,"ErrorCode":"0","TerminalKey":"1521029714572DEMO","Status":"NEW","PaymentId":"23084633","OrderId":"145","Amount":676000,"PaymentURL":"https://securepay.tinkoff.ru/cA29ia"}
[Fri Jun 08 14:09:44 2018] {"Success":true,"ErrorCode":"0","TerminalKey":"1521029714572DEMO","Status":"NEW","PaymentId":"23084642","OrderId":"145","Amount":676000,"PaymentURL":"https://securepay.tinkoff.ru/2OxFdD"}
[Fri Jun 08 14:09:53 2018] {"Success":true,"ErrorCode":"0","TerminalKey":"1521029714572DEMO","Status":"NEW","PaymentId":"23084653","OrderId":"145","Amount":676000,"PaymentURL":"https://securepay.tinkoff.ru/QtvUTG"}
[Fri Jun 08 14:13:40 2018] {"Success":true,"ErrorCode":"0","TerminalKey":"1521029714572DEMO","Status":"NEW","PaymentId":"23084931","OrderId":"146","Amount":676000,"PaymentURL":"https://securepay.tinkoff.ru/WpqiSb"}
[Fri Jun 08 14:15:59 2018] {"Success":true,"ErrorCode":"0","TerminalKey":"1521029714572DEMO","Status":"NEW","PaymentId":"23085120","OrderId":"147","Amount":676000,"PaymentURL":"https://securepay.tinkoff.ru/oGUN2v"}
[Sun Jun 17 23:56:05 2018] {"Success":true,"ErrorCode":"0","TerminalKey":"1521029714572DEMO","Status":"NEW","PaymentId":"23992655","OrderId":"156","Amount":3213500,"PaymentURL":"https://securepay.tinkoff.ru/APol9v"}
[Sun Jun 17 23:56:35 2018] {"Success":true,"ErrorCode":"0","TerminalKey":"1521029714572DEMO","Status":"NEW","PaymentId":"23992663","OrderId":"156","Amount":2472500,"PaymentURL":"https://securepay.tinkoff.ru/5HtH7i"}
[Sun Jun 17 23:57:07 2018] {"Success":true,"ErrorCode":"0","TerminalKey":"1521029714572DEMO","Status":"NEW","PaymentId":"23992673","OrderId":"157","Amount":2472500,"PaymentURL":"https://securepay.tinkoff.ru/KR5jCi"}
[Fri Jun 22 18:19:35 2018] {"Success":true,"ErrorCode":"0","TerminalKey":"1521029714572DEMO","Status":"NEW","PaymentId":"24446516","OrderId":"161","Amount":752000,"PaymentURL":"https://securepay.tinkoff.ru/lv8oVm"}
[Fri Jun 22 18:21:19 2018] {"Success":true,"ErrorCode":"0","TerminalKey":"1521029714572DEMO","Status":"NEW","PaymentId":"24446611","OrderId":"161","Amount":772000,"PaymentURL":"https://securepay.tinkoff.ru/H2cnXM"}
[Sun Jun 24 13:38:24 2018] {"Success":true,"ErrorCode":"0","TerminalKey":"1521029714572DEMO","Status":"NEW","PaymentId":"24541475","OrderId":"163","Amount":752000,"PaymentURL":"https://securepay.tinkoff.ru/lwwXc1"}
[Sun Jun 24 13:39:14 2018] {"Success":true,"ErrorCode":"0","TerminalKey":"1521029714572DEMO","Status":"NEW","PaymentId":"24541515","OrderId":"163","Amount":752000,"PaymentURL":"https://securepay.tinkoff.ru/qpD7kP"}
[Sun Jun 24 13:40:13 2018] {"Success":true,"ErrorCode":"0","TerminalKey":"1521029714572DEMO","Status":"NEW","PaymentId":"24541568","OrderId":"163","Amount":752000,"PaymentURL":"https://securepay.tinkoff.ru/FmeJUu"}
[Sun Jun 24 13:46:02 2018] {"Success":true,"ErrorCode":"0","TerminalKey":"1521029714572DEMO","Status":"NEW","PaymentId":"24541862","OrderId":"164","Amount":752000,"PaymentURL":"https://securepay.tinkoff.ru/3S2o2B"}
[Tue Jun 26 12:24:10 2018] {"Success":true,"ErrorCode":"0","TerminalKey":"1521029714572DEMO","Status":"NEW","PaymentId":"24792960","OrderId":"167","Amount":771000,"PaymentURL":"https://securepay.tinkoff.ru/OjIyrx"}
[Tue Jun 26 12:24:28 2018] {"Success":true,"ErrorCode":"0","TerminalKey":"1521029714572DEMO","Status":"NEW","PaymentId":"24792981","OrderId":"168","Amount":771000,"PaymentURL":"https://securepay.tinkoff.ru/HQna2J"}
[Wed Jun 27 17:38:25 2018] {"Success":true,"ErrorCode":"0","TerminalKey":"1521029714572DEMO","Status":"NEW","PaymentId":"24892398","OrderId":"170","Amount":4876000,"PaymentURL":"https://securepay.tinkoff.ru/UxtXz6"}
[Fri Jun 29 17:17:52 2018] {"Success":true,"ErrorCode":"0","TerminalKey":"1521029714572DEMO","Status":"NEW","PaymentId":"25037118","OrderId":"172","Amount":752000,"PaymentURL":"https://securepay.tinkoff.ru/iorIuO"}
[Fri Jun 29 17:17:54 2018] {"Success":true,"ErrorCode":"0","TerminalKey":"1521029714572DEMO","Status":"NEW","PaymentId":"25037122","OrderId":"172","Amount":752000,"PaymentURL":"https://securepay.tinkoff.ru/ER3iDO"}
[Sat Jun 30 09:45:56 2018] {"Success":true,"ErrorCode":"0","TerminalKey":"1521029714572DEMO","Status":"NEW","PaymentId":"25197474","OrderId":"173","Amount":676000,"PaymentURL":"https://securepay.tinkoff.ru/Uzu1Bl"}
[Sat Jun 30 09:46:02 2018] {"Success":true,"ErrorCode":"0","TerminalKey":"1521029714572DEMO","Status":"NEW","PaymentId":"25197479","OrderId":"173","Amount":696000,"PaymentURL":"https://securepay.tinkoff.ru/4vZWPO"}
[Sat Jun 30 09:46:34 2018] {"Success":true,"ErrorCode":"0","TerminalKey":"1521029714572DEMO","Status":"NEW","PaymentId":"25197507","OrderId":"173","Amount":696000,"PaymentURL":"https://securepay.tinkoff.ru/MJYXB4"}
[Sat Jun 30 09:47:14 2018] {"Success":true,"ErrorCode":"0","TerminalKey":"1521029714572DEMO","Status":"NEW","PaymentId":"25197552","OrderId":"173","Amount":696000,"PaymentURL":"https://securepay.tinkoff.ru/kIzgXT"}
[Sat Jun 30 09:47:26 2018] {"Success":true,"ErrorCode":"0","TerminalKey":"1521029714572DEMO","Status":"NEW","PaymentId":"25197564","OrderId":"173","Amount":696000,"PaymentURL":"https://securepay.tinkoff.ru/UE2LUc"}
[Sat Jun 30 09:47:33 2018] {"Success":true,"ErrorCode":"0","TerminalKey":"1521029714572DEMO","Status":"NEW","PaymentId":"25197571","OrderId":"173","Amount":696000,"PaymentURL":"https://securepay.tinkoff.ru/bTtI3L"}
[Sat Jun 30 09:48:04 2018] {"Success":true,"ErrorCode":"0","TerminalKey":"1521029714572DEMO","Status":"NEW","PaymentId":"25197600","OrderId":"173","Amount":696000,"PaymentURL":"https://securepay.tinkoff.ru/f3MEcz"}
[Sun Jul 08 14:11:14 2018] {"Success":true,"ErrorCode":"0","TerminalKey":"1521029714572DEMO","Status":"NEW","PaymentId":"25861779","OrderId":"174","Amount":506000,"PaymentURL":"https://securepay.tinkoff.ru/OIToE1"}
[Sun Jul 08 14:11:25 2018] {"Success":true,"ErrorCode":"0","TerminalKey":"1521029714572DEMO","Status":"NEW","PaymentId":"25861787","OrderId":"174","Amount":506000,"PaymentURL":"https://securepay.tinkoff.ru/9m0LnQ"}
[Sun Jul 08 14:16:47 2018] {"Success":true,"ErrorCode":"0","TerminalKey":"1521029714572DEMO","Status":"NEW","PaymentId":"25862095","OrderId":"174","Amount":506000,"PaymentURL":"https://securepay.tinkoff.ru/dyFjCW"}
[Sun Jul 08 14:16:48 2018] {"Success":true,"ErrorCode":"0","TerminalKey":"1521029714572DEMO","Status":"NEW","PaymentId":"25862096","OrderId":"174","Amount":506000,"PaymentURL":"https://securepay.tinkoff.ru/BKhjAQ"}
[Wed Jul 11 11:28:48 2018] {"Success":true,"ErrorCode":"0","TerminalKey":"1521029714572DEMO","Status":"NEW","PaymentId":"26198715","OrderId":"177","Amount":771000,"PaymentURL":"https://securepay.tinkoff.ru/VZKYwc"}
[Wed Jul 11 11:28:50 2018] {"Success":true,"ErrorCode":"0","TerminalKey":"1521029714572DEMO","Status":"NEW","PaymentId":"26198717","OrderId":"177","Amount":771000,"PaymentURL":"https://securepay.tinkoff.ru/9gw4v5"}
[Wed Jul 11 11:28:57 2018] {"Success":true,"ErrorCode":"0","TerminalKey":"1521029714572DEMO","Status":"NEW","PaymentId":"26198726","OrderId":"178","Amount":771000,"PaymentURL":"https://securepay.tinkoff.ru/yaTFYa"}
[Wed Jul 25 18:39:43 2018] {"Success":true,"ErrorCode":"0","TerminalKey":"1521029714572DEMO","Status":"NEW","PaymentId":"27458928","OrderId":"185","Amount":2199800,"PaymentURL":"https://securepay.tinkoff.ru/CzK0V0"}
[Wed Jul 25 18:40:00 2018] {"Success":true,"ErrorCode":"0","TerminalKey":"1521029714572DEMO","Status":"NEW","PaymentId":"27458952","OrderId":"186","Amount":2199800,"PaymentURL":"https://securepay.tinkoff.ru/CY1q8m"}
